#
# There is insufficient memory for the Java Runtime Environment to continue.
# Native memory allocation (malloc) failed to allocate 238896 bytes for Chunk::new
# Possible reasons:
#   The system is out of physical RAM or swap space
#   In 32 bit mode, the process size limit was hit
# Possible solutions:
#   Reduce memory load on the system
#   Increase physical memory or swap space
#   Check if swap backing store is full
#   Use 64 bit Java on a 64 bit OS
#   Decrease Java heap size (-Xmx/-Xms)
#   Decrease number of Java threads
#   Decrease Java thread stack sizes (-Xss)
#   Set larger code cache with -XX:ReservedCodeCacheSize=
# This output file may be truncated or incomplete.
#
#  Out of Memory Error (allocation.cpp:390), pid=15184, tid=0x0000000000003a5c
#
# JRE version: Java(TM) SE Runtime Environment (8.0_161-b12) (build 1.8.0_161-b12)
# Java VM: Java HotSpot(TM) 64-Bit Server VM (25.161-b12 mixed mode windows-amd64 compressed oops)
# Failed to write core dump. Minidumps are not enabled by default on client versions of Windows
#

---------------  T H R E A D  ---------------

Current thread (0x000000001a097000):  JavaThread "C2 CompilerThread1" daemon [_thread_in_native, id=14940, stack(0x000000001a8e0000,0x000000001a9e0000)]

Stack: [0x000000001a8e0000,0x000000001a9e0000]
[error occurred during error reporting (printing stack bounds), id 0xc0000005]

Native frames: (J=compiled Java code, j=interpreted, Vv=VM code, C=native code)


Current CompileTask:
C2:    322  338  s!   4       sun.misc.URLClassPath::getLoader (243 bytes)


---------------  P R O C E S S  ---------------

Java Threads: ( => current thread )
  0x000000001a16c000 JavaThread "Service Thread" daemon [_thread_blocked, id=6552, stack(0x000000001abe0000,0x000000001ace0000)]
  0x000000001a0af000 JavaThread "C1 CompilerThread3" daemon [_thread_blocked, id=9380, stack(0x000000001aae0000,0x000000001abe0000)]
  0x000000001a0a1000 JavaThread "C2 CompilerThread2" daemon [_thread_in_native, id=10388, stack(0x000000001a9e0000,0x000000001aae0000)]
=>0x000000001a097000 JavaThread "C2 CompilerThread1" daemon [_thread_in_native, id=14940, stack(0x000000001a8e0000,0x000000001a9e0000)]
  0x000000001a096000 JavaThread "C2 CompilerThread0" daemon [_thread_blocked, id=14824, stack(0x000000001a7e0000,0x000000001a8e0000)]
  0x000000001a132000 JavaThread "Monitor Ctrl-Break" daemon [_thread_in_native, id=13272, stack(0x000000001a6e0000,0x000000001a7e0000)]
  0x000000001a06f800 JavaThread "Attach Listener" daemon [_thread_blocked, id=13656, stack(0x000000001a5e0000,0x000000001a6e0000)]
  0x000000001a01d000 JavaThread "Signal Dispatcher" daemon [_thread_blocked, id=14504, stack(0x000000001a4e0000,0x000000001a5e0000)]
  0x000000001a000800 JavaThread "Finalizer" daemon [_thread_blocked, id=13948, stack(0x000000001a3e0000,0x000000001a4e0000)]
  0x000000001810d000 JavaThread "Reference Handler" daemon [_thread_blocked, id=12372, stack(0x0000000019ee0000,0x0000000019fe0000)]
  0x0000000003024800 JavaThread "main" [_thread_in_native, id=2024, stack(0x0000000002cf0000,0x0000000002df0000)]

Other Threads:
  0x0000000018109000 VMThread [stack: 0x0000000019de0000,0x0000000019ee0000] [id=3008]
  0x000000001a204000 WatcherThread [stack: 0x000000001ace0000,0x000000001ade0000] [id=6624]

VM state:not at safepoint (normal execution)

VM Mutex/Monitor currently owned by a thread: None

Heap:
 PSYoungGen      total 38400K, used 12651K [0x00000000d5a00000, 0x00000000d8480000, 0x0000000100000000)
  eden space 33280K, 38% used [0x00000000d5a00000,0x00000000d665ad10,0x00000000d7a80000)
  from space 5120K, 0% used [0x00000000d7f80000,0x00000000d7f80000,0x00000000d8480000)
  to   space 5120K, 0% used [0x00000000d7a80000,0x00000000d7a80000,0x00000000d7f80000)
 ParOldGen       total 87552K, used 0K [0x0000000080e00000, 0x0000000086380000, 0x00000000d5a00000)
  object space 87552K, 0% used [0x0000000080e00000,0x0000000080e00000,0x0000000086380000)
 Metaspace       used 5330K, capacity 5402K, committed 5504K, reserved 1056768K
  class space    used 616K, capacity 626K, committed 640K, reserved 1048576K

Card table byte_map: [0x00000000124e0000,0x00000000128e0000] byte_map_base: 0x00000000120d9000

Marking Bits: (ParMarkBitMap*) 0x00000000755bf860
 Begin Bits: [0x0000000013390000, 0x0000000015358000)
 End Bits:   [0x0000000015358000, 0x0000000017320000)

Polling page: 0x0000000002900000

CodeCache: size=245760Kb used=2040Kb max_used=2050Kb free=243719Kb
 bounds [0x0000000003120000, 0x0000000003390000, 0x0000000012120000]
 total_blobs=617 nmethods=346 adapters=184
 compilation: enabled

Compilation events (10 events):
Event: 0.315 Thread 0x000000001a096000  339       4       java.util.ArrayList::get (11 bytes)
Event: 0.315 Thread 0x000000001a0af000  341       3       java.lang.ClassLoader::loadClass (7 bytes)
Event: 0.315 Thread 0x000000001a0af000 nmethod 341 0x000000000330c7d0 code [0x000000000330c940, 0x000000000330cb68]
Event: 0.315 Thread 0x000000001a096000 nmethod 339 0x000000000330c4d0 code [0x000000000330c600, 0x000000000330c6b8]
Event: 0.315 Thread 0x000000001a096000  340       4       java.lang.AbstractStringBuilder::append (50 bytes)
Event: 0.317 Thread 0x000000001a0af000  344       3       java.lang.ref.WeakReference::<init> (7 bytes)
Event: 0.317 Thread 0x000000001a0af000 nmethod 344 0x000000000331d890 code [0x000000000331da00, 0x000000000331dcb0]
Event: 0.317 Thread 0x000000001a0af000  345   !   3       java.util.zip.ZipFile$ZipFileInputStream::read (131 bytes)
Event: 0.318 Thread 0x000000001a0af000 nmethod 345 0x000000000331c8d0 code [0x000000000331caa0, 0x000000000331d328]
Event: 0.319 Thread 0x000000001a0af000  346       3       sun.misc.Launcher$AppClassLoader::loadClass (85 bytes)

GC Heap History (0 events):
No events

Deoptimization events (1 events):
Event: 0.302 Thread 0x0000000003024800 Uncommon trap: reason=null_check action=make_not_entrant pc=0x00000000032321a8 method=java.lang.String.equals(Ljava/lang/Object;)Z @ 8

Classes redefined (0 events):
No events

Internal exceptions (9 events):
Event: 0.034 Thread 0x0000000003024800 Exception <a 'java/lang/NoSuchMethodError': Method sun.misc.Unsafe.defineClass(Ljava/lang/String;[BII)Ljava/lang/Class; name or signature does not match> (0x00000000d5a07ca0) thrown at [C:\re\workspace\8-2-build-windows-amd64-cygwin\jdk8u161\10277\hotspot
Event: 0.034 Thread 0x0000000003024800 Exception <a 'java/lang/NoSuchMethodError': Method sun.misc.Unsafe.prefetchRead(Ljava/lang/Object;J)V name or signature does not match> (0x00000000d5a07f88) thrown at [C:\re\workspace\8-2-build-windows-amd64-cygwin\jdk8u161\10277\hotspot\src\share\vm\prim
Event: 0.172 Thread 0x0000000003024800 Exception <a 'java/io/FileNotFoundException'> (0x00000000d5dd94e0) thrown at [C:\re\workspace\8-2-build-windows-amd64-cygwin\jdk8u161\10277\hotspot\src\share\vm\prims\jni.cpp, line 709]
Event: 0.180 Thread 0x0000000003024800 Exception <a 'java/security/PrivilegedActionException'> (0x00000000d5e293a0) thrown at [C:\re\workspace\8-2-build-windows-amd64-cygwin\jdk8u161\10277\hotspot\src\share\vm\prims\jvm.cpp, line 1390]
Event: 0.180 Thread 0x0000000003024800 Exception <a 'java/security/PrivilegedActionException'> (0x00000000d5e295b0) thrown at [C:\re\workspace\8-2-build-windows-amd64-cygwin\jdk8u161\10277\hotspot\src\share\vm\prims\jvm.cpp, line 1390]
Event: 0.181 Thread 0x0000000003024800 Exception <a 'java/security/PrivilegedActionException'> (0x00000000d5e2d0b0) thrown at [C:\re\workspace\8-2-build-windows-amd64-cygwin\jdk8u161\10277\hotspot\src\share\vm\prims\jvm.cpp, line 1390]
Event: 0.181 Thread 0x0000000003024800 Exception <a 'java/security/PrivilegedActionException'> (0x00000000d5e2d2c0) thrown at [C:\re\workspace\8-2-build-windows-amd64-cygwin\jdk8u161\10277\hotspot\src\share\vm\prims\jvm.cpp, line 1390]
Event: 0.302 Thread 0x0000000003024800 Implicit null exception at 0x0000000003231fd5 to 0x0000000003232199
Event: 0.312 Thread 0x0000000003024800 Exception <a 'java/io/FileNotFoundException'> (0x00000000d64fcb70) thrown at [C:\re\workspace\8-2-build-windows-amd64-cygwin\jdk8u161\10277\hotspot\src\share\vm\prims\jni.cpp, line 709]

Events (10 events):
Event: 0.317 loading class ch/qos/logback/core/spi/ContextAware
Event: 0.317 loading class ch/qos/logback/core/spi/ContextAware done
Event: 0.317 loading class ch/qos/logback/core/joran/spi/RuleStore
Event: 0.317 loading class ch/qos/logback/core/joran/spi/RuleStore done
Event: 0.318 loading class ch/qos/logback/core/joran/action/Action
Event: 0.318 loading class ch/qos/logback/core/joran/action/Action done
Event: 0.318 loading class ch/qos/logback/core/joran/action/PropertyAction
Event: 0.318 loading class ch/qos/logback/core/joran/action/PropertyAction done
Event: 0.319 loading class ch/qos/logback/core/joran/action/TimestampAction
Event: 0.319 loading class ch/qos/logback/core/joran/action/TimestampAction done


Dynamic libraries:
0x00007ff7c1eb0000 - 0x00007ff7c1ee7000 	D:\Program Files\Java\jdk1.8\bin\java.exe
0x00007fffe2830000 - 0x00007fffe2a11000 	C:\WINDOWS\SYSTEM32\ntdll.dll
0x00007fffe1970000 - 0x00007fffe1a22000 	C:\WINDOWS\System32\KERNEL32.DLL
0x00007fffdeee0000 - 0x00007fffdf153000 	C:\WINDOWS\System32\KERNELBASE.dll
0x00007fffe1cb0000 - 0x00007fffe1d51000 	C:\WINDOWS\System32\ADVAPI32.dll
0x00007fffe1a30000 - 0x00007fffe1ace000 	C:\WINDOWS\System32\msvcrt.dll
0x00007fffe1ad0000 - 0x00007fffe1b2b000 	C:\WINDOWS\System32\sechost.dll
0x00007fffe00a0000 - 0x00007fffe01c4000 	C:\WINDOWS\System32\RPCRT4.dll
0x00007fffe1610000 - 0x00007fffe17a0000 	C:\WINDOWS\System32\USER32.dll
0x00007fffdf210000 - 0x00007fffdf230000 	C:\WINDOWS\System32\win32u.dll
0x00007fffe20b0000 - 0x00007fffe20d8000 	C:\WINDOWS\System32\GDI32.dll
0x00007fffdf230000 - 0x00007fffdf3c2000 	C:\WINDOWS\System32\gdi32full.dll
0x00007fffdedf0000 - 0x00007fffdee8f000 	C:\WINDOWS\System32\msvcp_win.dll
0x00007fffdf4b0000 - 0x00007fffdf5aa000 	C:\WINDOWS\System32\ucrtbase.dll
0x00007fffcc740000 - 0x00007fffcc9a9000 	C:\WINDOWS\WinSxS\amd64_microsoft.windows.common-controls_6595b64144ccf1df_6.0.17134.48_none_b4b2216a3cb4dd3e\COMCTL32.dll
0x00007fffdfcc0000 - 0x00007fffdffe3000 	C:\WINDOWS\System32\combase.dll
0x00007fffdf3d0000 - 0x00007fffdf44a000 	C:\WINDOWS\System32\bcryptPrimitives.dll
0x00007fffe1c80000 - 0x00007fffe1cad000 	C:\WINDOWS\System32\IMM32.DLL
0x0000000075990000 - 0x0000000075a62000 	D:\Program Files\Java\jdk1.8\jre\bin\msvcr100.dll
0x0000000074da0000 - 0x000000007563f000 	D:\Program Files\Java\jdk1.8\jre\bin\server\jvm.dll
0x00007fffe1ee0000 - 0x00007fffe1ee8000 	C:\WINDOWS\System32\PSAPI.DLL
0x00007fffdcce0000 - 0x00007fffdcd03000 	C:\WINDOWS\SYSTEM32\WINMM.dll
0x00007fffd9730000 - 0x00007fffd973a000 	C:\WINDOWS\SYSTEM32\VERSION.dll
0x00007fffd54c0000 - 0x00007fffd54c9000 	C:\WINDOWS\SYSTEM32\WSOCK32.dll
0x00007fffe18d0000 - 0x00007fffe193c000 	C:\WINDOWS\System32\WS2_32.dll
0x00007fffdcbc0000 - 0x00007fffdcbea000 	C:\WINDOWS\SYSTEM32\WINMMBASE.dll
0x00007fffdee90000 - 0x00007fffdeed9000 	C:\WINDOWS\System32\cfgmgr32.dll
0x0000000077840000 - 0x000000007784f000 	D:\Program Files\Java\jdk1.8\jre\bin\verify.dll
0x0000000075960000 - 0x0000000075989000 	D:\Program Files\Java\jdk1.8\jre\bin\java.dll
0x0000000075910000 - 0x0000000075933000 	D:\Program Files\Java\jdk1.8\jre\bin\instrument.dll
0x0000000075940000 - 0x0000000075956000 	D:\Program Files\Java\jdk1.8\jre\bin\zip.dll
0x00007fffe01d0000 - 0x00007fffe1610000 	C:\WINDOWS\System32\SHELL32.dll
0x00007fffe2280000 - 0x00007fffe2329000 	C:\WINDOWS\System32\shcore.dll
0x00007fffdf5b0000 - 0x00007fffdfcbd000 	C:\WINDOWS\System32\windows.storage.dll
0x00007fffe1870000 - 0x00007fffe18c1000 	C:\WINDOWS\System32\shlwapi.dll
0x00007fffdebe0000 - 0x00007fffdebf1000 	C:\WINDOWS\System32\kernel.appcore.dll
0x00007fffdeb70000 - 0x00007fffdeb8f000 	C:\WINDOWS\System32\profapi.dll
0x00007fffdeb90000 - 0x00007fffdebdc000 	C:\WINDOWS\System32\powrprof.dll
0x00007fffdeb60000 - 0x00007fffdeb6a000 	C:\WINDOWS\System32\FLTLIB.DLL
0x00007fffd54a0000 - 0x00007fffd54ba000 	D:\Softwares\IntelliJ IDEA 2017.3.5\bin\breakgen64.dll
0x00000000758f0000 - 0x000000007590a000 	D:\Program Files\Java\jdk1.8\jre\bin\net.dll
0x00007fffde360000 - 0x00007fffde3c6000 	C:\WINDOWS\system32\mswsock.dll

VM Arguments:
jvm_args: -ea -Didea.test.cyclic.buffer.size=1048576 -javaagent:D:\Softwares\IntelliJ IDEA 2017.3.5\lib\idea_rt.jar=56491:D:\Softwares\IntelliJ IDEA 2017.3.5\bin -Dfile.encoding=UTF-8 
java_command: com.intellij.rt.execution.junit.JUnitStarter -ideVersion5 -junit4 dal.TestUser,testJoinResultMap
java_class_path (initial): D:\Softwares\IntelliJ IDEA 2017.3.5\lib\idea_rt.jar;D:\Softwares\IntelliJ IDEA 2017.3.5\plugins\junit\lib\junit-rt.jar;D:\Softwares\IntelliJ IDEA 2017.3.5\plugins\junit\lib\junit5-rt.jar;D:\Program Files\Java\jdk1.8\jre\lib\charsets.jar;D:\Program Files\Java\jdk1.8\jre\lib\deploy.jar;D:\Program Files\Java\jdk1.8\jre\lib\ext\access-bridge-64.jar;D:\Program Files\Java\jdk1.8\jre\lib\ext\cldrdata.jar;D:\Program Files\Java\jdk1.8\jre\lib\ext\dnsns.jar;D:\Program Files\Java\jdk1.8\jre\lib\ext\jaccess.jar;D:\Program Files\Java\jdk1.8\jre\lib\ext\jfxrt.jar;D:\Program Files\Java\jdk1.8\jre\lib\ext\localedata.jar;D:\Program Files\Java\jdk1.8\jre\lib\ext\nashorn.jar;D:\Program Files\Java\jdk1.8\jre\lib\ext\sunec.jar;D:\Program Files\Java\jdk1.8\jre\lib\ext\sunjce_provider.jar;D:\Program Files\Java\jdk1.8\jre\lib\ext\sunmscapi.jar;D:\Program Files\Java\jdk1.8\jre\lib\ext\sunpkcs11.jar;D:\Program Files\Java\jdk1.8\jre\lib\ext\zipfs.jar;D:\Program Files\Java\jdk1.8\jre\lib\javaws.jar;D:\Program Files\Java\jdk1.8\jre\lib\jce.jar;D:\Program Files\Java\jdk1.8\jre\lib\jfr.jar;D:\Program Files\Java\jdk1.8\jre\lib\jfxswt.jar;D:\Program Files\Java\jdk1.8\jre\lib\jsse.jar;D:\Program Files\Java\jdk1.8\jre\lib\management-agent.jar;D:\Program Files\Java\jdk1.8\jre\lib\plugin.jar;D:\Program Files\Java\jdk1.8\jre\lib\resources.jar;D:\Program Files\Java\jdk1.8\jre\lib\rt.jar;D:\IDEA_WorkSpace\easonspringmvc\easonweb\target\test-classes;D:\IDEA_WorkSpace\easonspringmvc\easonweb\target\classes;D:\IDEA_WorkSpace\easonspringmvc\easondal\target\classes;C:\Users\Eason\.m2\repository\org\springframework\spring-context\4.3.7.RELEASE\spring-context-4.3.7.RELEASE.jar;C:\Users\Eason\.m2\repository\org\springframework\spring-tx\4.3.7.RELEASE\spring-tx-4.3.7.RELEASE.jar;C:\Users\Eason\.m2\repository\org\springframework\spring-jdbc\4.3.7.RELEASE\spring-jdbc-4.3.7.RELEASE.jar;C:\Users\Eason\.m2\repository\com\alibaba\druid\1.0.9\druid-1.0.9.jar;D:\Program Files\Java\jdk1.8\lib\j
Launcher Type: SUN_STANDARD

Environment Variables:
JAVA_HOME=C:\Program Files\Java\jdk1.7
CLASSPATH=.;C:\Program Files\Java\jdk1.7\lib;C:\Program Files\Java\jdk1.7\lib\tools.jar
PATH=C:\ProgramData\Oracle\Java\javapath;C:\WINDOWS\system32;C:\WINDOWS;C:\WINDOWS\System32\Wbem;C:\WINDOWS\System32\WindowsPowerShell\v1.0\;C:\Program Files (x86)\NVIDIA Corporation\PhysX\Common;C:\Program Files\Java\jdk1.7\bin;C:\WINDOWS\system32;C:\WINDOWS;C:\WINDOWS\System32\Wbem;C:\WINDOWS\System32\WindowsPowerShell\v1.0\;C:\Program Files\MySQL\MySQL Utilities 1.6\;D:\Program Files\nodejs\;D:\Program Files\Git\cmd;D:\Softwares\erl9.3\bin;D:\Softwares\RabbitMQ\rabbitmq_server-3.5.6\sbin;;C:\WINDOWS\System32\OpenSSH\;C:\Users\Eason\AppData\Local\Microsoft\WindowsApps;C:\Users\Eason\AppData\Roaming\npm;C:\Users\Eason\AppData\Local\GitHubDesktop\bin;D:\Softwares\erl7.1\bin;;%USERPROFILE%\AppData\Local\Microsoft\WindowsApps;D:\Softwares\SSHC
USERNAME=Eason
OS=Windows_NT
PROCESSOR_IDENTIFIER=Intel64 Family 6 Model 60 Stepping 3, GenuineIntel



---------------  S Y S T E M  ---------------

OS: Windows 10.0 , 64 bit Build 17134 (10.0.17134.1)

CPU:total 8 (initial active 8) (4 cores per cpu, 2 threads per core) family 6 model 60 stepping 3, cmov, cx8, fxsr, mmx, sse, sse2, sse3, ssse3, sse4.1, sse4.2, popcnt, avx, avx2, aes, clmul, erms, lzcnt, ht, tsc, tscinvbit, bmi1, bmi2

Memory: 4k page, physical 8324980k(3206876k free), swap 22796280k(4176k free)

vm_info: Java HotSpot(TM) 64-Bit Server VM (25.161-b12) for windows-amd64 JRE (1.8.0_161-b12), built on Dec 19 2017 17:52:25 by "java_re" with MS VC++ 10.0 (VS2010)

time: Sun May 13 18:39:10 2018
elapsed time: 0 seconds (0d 0h 0m 0s)

