#
# There is insufficient memory for the Java Runtime Environment to continue.
# Native memory allocation (malloc) failed to allocate 316736 bytes for Chunk::new
# Possible reasons:
#   The system is out of physical RAM or swap space
#   In 32 bit mode, the process size limit was hit
# Possible solutions:
#   Reduce memory load on the system
#   Increase physical memory or swap space
#   Check if swap backing store is full
#   Use 64 bit Java on a 64 bit OS
#   Decrease Java heap size (-Xmx/-Xms)
#   Decrease number of Java threads
#   Decrease Java thread stack sizes (-Xss)
#   Set larger code cache with -XX:ReservedCodeCacheSize=
# This output file may be truncated or incomplete.
#
#  Out of Memory Error (allocation.cpp:390), pid=9416, tid=0x0000000000001564
#
# JRE version: Java(TM) SE Runtime Environment (8.0_161-b12) (build 1.8.0_161-b12)
# Java VM: Java HotSpot(TM) 64-Bit Server VM (25.161-b12 mixed mode windows-amd64 compressed oops)
# Failed to write core dump. Minidumps are not enabled by default on client versions of Windows
#

---------------  T H R E A D  ---------------

Current thread (0x0000000019c81000):  JavaThread "C2 CompilerThread2" daemon [_thread_in_native, id=5476, stack(0x000000001a5c0000,0x000000001a6c0000)]

Stack: [0x000000001a5c0000,0x000000001a6c0000]
[error occurred during error reporting (printing stack bounds), id 0xc0000005]

Native frames: (J=compiled Java code, j=interpreted, Vv=VM code, C=native code)


Current CompileTask:
C2:    760  634   !   4       java.net.URL::<init> (543 bytes)


---------------  P R O C E S S  ---------------

Java Threads: ( => current thread )
  0x0000000019d49000 JavaThread "Service Thread" daemon [_thread_blocked, id=13652, stack(0x000000001a7c0000,0x000000001a8c0000)]
  0x0000000019c8f000 JavaThread "C1 CompilerThread3" daemon [_thread_in_native, id=15264, stack(0x000000001a6c0000,0x000000001a7c0000)]
=>0x0000000019c81000 JavaThread "C2 CompilerThread2" daemon [_thread_in_native, id=5476, stack(0x000000001a5c0000,0x000000001a6c0000)]
  0x0000000019c7d000 JavaThread "C2 CompilerThread1" daemon [_thread_in_native, id=14724, stack(0x000000001a4c0000,0x000000001a5c0000)]
  0x0000000019c7c800 JavaThread "C2 CompilerThread0" daemon [_thread_in_native, id=11796, stack(0x000000001a3c0000,0x000000001a4c0000)]
  0x0000000019d18000 JavaThread "Monitor Ctrl-Break" daemon [_thread_in_native, id=1208, stack(0x000000001a2c0000,0x000000001a3c0000)]
  0x0000000019bf9000 JavaThread "Attach Listener" daemon [_thread_blocked, id=8120, stack(0x000000001a1c0000,0x000000001a2c0000)]
  0x0000000019c52000 JavaThread "Signal Dispatcher" daemon [_thread_blocked, id=14428, stack(0x000000001a0c0000,0x000000001a1c0000)]
  0x0000000019be0800 JavaThread "Finalizer" daemon [_thread_blocked, id=5140, stack(0x0000000019fc0000,0x000000001a0c0000)]
  0x0000000017cfd800 JavaThread "Reference Handler" daemon [_thread_blocked, id=3576, stack(0x0000000019ac0000,0x0000000019bc0000)]
  0x0000000002c14800 JavaThread "main" [_thread_in_native, id=6068, stack(0x00000000025b0000,0x00000000026b0000)]

Other Threads:
  0x0000000017cf9000 VMThread [stack: 0x00000000199c0000,0x0000000019ac0000] [id=12716]
  0x0000000019de0000 WatcherThread [stack: 0x000000001a8c0000,0x000000001a9c0000] [id=13908]

VM state:not at safepoint (normal execution)

VM Mutex/Monitor currently owned by a thread: None

Heap:
 PSYoungGen      total 38400K, used 17232K [0x00000000d5a00000, 0x00000000d8480000, 0x0000000100000000)
  eden space 33280K, 38% used [0x00000000d5a00000,0x00000000d6698700,0x00000000d7a80000)
  from space 5120K, 84% used [0x00000000d7a80000,0x00000000d7ebbca8,0x00000000d7f80000)
  to   space 5120K, 0% used [0x00000000d7f80000,0x00000000d7f80000,0x00000000d8480000)
 ParOldGen       total 87552K, used 72K [0x0000000080e00000, 0x0000000086380000, 0x00000000d5a00000)
  object space 87552K, 0% used [0x0000000080e00000,0x0000000080e12010,0x0000000086380000)
 Metaspace       used 10018K, capacity 10146K, committed 10240K, reserved 1058816K
  class space    used 1246K, capacity 1269K, committed 1280K, reserved 1048576K

Card table byte_map: [0x00000000120d0000,0x00000000124d0000] byte_map_base: 0x0000000011cc9000

Marking Bits: (ParMarkBitMap*) 0x00000000755bf860
 Begin Bits: [0x0000000012f80000, 0x0000000014f48000)
 End Bits:   [0x0000000014f48000, 0x0000000016f10000)

Polling page: 0x0000000000d70000

CodeCache: size=245760Kb used=2823Kb max_used=2823Kb free=242936Kb
 bounds [0x0000000002d10000, 0x0000000002fe0000, 0x0000000011d10000]
 total_blobs=950 nmethods=635 adapters=228
 compilation: enabled

Compilation events (10 events):
Event: 0.722 Thread 0x0000000019c8f000 nmethod 628 0x0000000002fc9250 code [0x0000000002fc93a0, 0x0000000002fc9530]
Event: 0.724 Thread 0x0000000019c7d000  629  s    4       sun.misc.URLClassPath::getNextLoader (88 bytes)
Event: 0.724 Thread 0x0000000019c7c800  630  s!   4       sun.misc.URLClassPath::getLoader (243 bytes)
Event: 0.724 Thread 0x0000000019c8f000  631   !   3       sun.misc.URLClassPath$JarLoader::getResource (353 bytes)
Event: 0.726 Thread 0x0000000019c8f000 nmethod 631 0x0000000002fce8d0 code [0x0000000002fcece0, 0x0000000002fd0b68]
Event: 0.727 Thread 0x0000000019c8f000  632       3       java.util.Stack::empty (13 bytes)
Event: 0.727 Thread 0x0000000019c8f000 nmethod 632 0x0000000002fc8c50 code [0x0000000002fc8dc0, 0x0000000002fc9190]
Event: 0.731 Thread 0x0000000019c8f000  633       3       java.util.HashMap::<init> (98 bytes)
Event: 0.732 Thread 0x0000000019c81000  634   !   4       java.net.URL::<init> (543 bytes)
Event: 0.733 Thread 0x0000000019c8f000 nmethod 633 0x0000000002fd25d0 code [0x0000000002fd2880, 0x0000000002fd3b98]

GC Heap History (2 events):
Event: 0.627 GC heap before
{Heap before GC invocations=1 (full 0):
 PSYoungGen      total 38400K, used 33280K [0x00000000d5a00000, 0x00000000d8480000, 0x0000000100000000)
  eden space 33280K, 100% used [0x00000000d5a00000,0x00000000d7a80000,0x00000000d7a80000)
  from space 5120K, 0% used [0x00000000d7f80000,0x00000000d7f80000,0x00000000d8480000)
  to   space 5120K, 0% used [0x00000000d7a80000,0x00000000d7a80000,0x00000000d7f80000)
 ParOldGen       total 87552K, used 0K [0x0000000080e00000, 0x0000000086380000, 0x00000000d5a00000)
  object space 87552K, 0% used [0x0000000080e00000,0x0000000080e00000,0x0000000086380000)
 Metaspace       used 8630K, capacity 8796K, committed 9088K, reserved 1056768K
  class space    used 1053K, capacity 1076K, committed 1152K, reserved 1048576K
Event: 0.633 GC heap after
Heap after GC invocations=1 (full 0):
 PSYoungGen      total 38400K, used 4335K [0x00000000d5a00000, 0x00000000d8480000, 0x0000000100000000)
  eden space 33280K, 0% used [0x00000000d5a00000,0x00000000d5a00000,0x00000000d7a80000)
  from space 5120K, 84% used [0x00000000d7a80000,0x00000000d7ebbca8,0x00000000d7f80000)
  to   space 5120K, 0% used [0x00000000d7f80000,0x00000000d7f80000,0x00000000d8480000)
 ParOldGen       total 87552K, used 72K [0x0000000080e00000, 0x0000000086380000, 0x00000000d5a00000)
  object space 87552K, 0% used [0x0000000080e00000,0x0000000080e12010,0x0000000086380000)
 Metaspace       used 8630K, capacity 8796K, committed 9088K, reserved 1056768K
  class space    used 1053K, capacity 1076K, committed 1152K, reserved 1048576K
}

Deoptimization events (3 events):
Event: 0.310 Thread 0x0000000002c14800 Uncommon trap: reason=null_check action=make_not_entrant pc=0x0000000002e22028 method=java.lang.String.equals(Ljava/lang/Object;)Z @ 8
Event: 0.541 Thread 0x0000000002c14800 Uncommon trap: reason=unstable_if action=reinterpret pc=0x0000000002f09588 method=java.util.HashMap.getNode(ILjava/lang/Object;)Ljava/util/HashMap$Node; @ 129
Event: 0.592 Thread 0x0000000002c14800 Uncommon trap: reason=unstable_if action=reinterpret pc=0x0000000002eef37c method=java.util.HashMap.getNode(ILjava/lang/Object;)Ljava/util/HashMap$Node; @ 129

Classes redefined (0 events):
No events

Internal exceptions (10 events):
Event: 0.035 Thread 0x0000000002c14800 Exception <a 'java/lang/NoSuchMethodError': Method sun.misc.Unsafe.defineClass(Ljava/lang/String;[BII)Ljava/lang/Class; name or signature does not match> (0x00000000d5a07ca0) thrown at [C:\re\workspace\8-2-build-windows-amd64-cygwin\jdk8u161\10277\hotspot
Event: 0.035 Thread 0x0000000002c14800 Exception <a 'java/lang/NoSuchMethodError': Method sun.misc.Unsafe.prefetchRead(Ljava/lang/Object;J)V name or signature does not match> (0x00000000d5a07f88) thrown at [C:\re\workspace\8-2-build-windows-amd64-cygwin\jdk8u161\10277\hotspot\src\share\vm\prim
Event: 0.171 Thread 0x0000000002c14800 Exception <a 'java/io/FileNotFoundException'> (0x00000000d5dd9580) thrown at [C:\re\workspace\8-2-build-windows-amd64-cygwin\jdk8u161\10277\hotspot\src\share\vm\prims\jni.cpp, line 709]
Event: 0.179 Thread 0x0000000002c14800 Exception <a 'java/security/PrivilegedActionException'> (0x00000000d5e293b8) thrown at [C:\re\workspace\8-2-build-windows-amd64-cygwin\jdk8u161\10277\hotspot\src\share\vm\prims\jvm.cpp, line 1390]
Event: 0.179 Thread 0x0000000002c14800 Exception <a 'java/security/PrivilegedActionException'> (0x00000000d5e295c8) thrown at [C:\re\workspace\8-2-build-windows-amd64-cygwin\jdk8u161\10277\hotspot\src\share\vm\prims\jvm.cpp, line 1390]
Event: 0.180 Thread 0x0000000002c14800 Exception <a 'java/security/PrivilegedActionException'> (0x00000000d5e2d0c8) thrown at [C:\re\workspace\8-2-build-windows-amd64-cygwin\jdk8u161\10277\hotspot\src\share\vm\prims\jvm.cpp, line 1390]
Event: 0.180 Thread 0x0000000002c14800 Exception <a 'java/security/PrivilegedActionException'> (0x00000000d5e2d2d8) thrown at [C:\re\workspace\8-2-build-windows-amd64-cygwin\jdk8u161\10277\hotspot\src\share\vm\prims\jvm.cpp, line 1390]
Event: 0.310 Thread 0x0000000002c14800 Implicit null exception at 0x0000000002e21e55 to 0x0000000002e22019
Event: 0.322 Thread 0x0000000002c14800 Exception <a 'java/io/FileNotFoundException'> (0x00000000d64fbfc0) thrown at [C:\re\workspace\8-2-build-windows-amd64-cygwin\jdk8u161\10277\hotspot\src\share\vm\prims\jni.cpp, line 709]
Event: 0.646 Thread 0x0000000002c14800 Exception <a 'java/lang/NoSuchMethodError': org.slf4j.impl.StaticMDCBinder.getSingleton()Lorg/slf4j/impl/StaticMDCBinder;> (0x00000000d5ba8ef0) thrown at [C:\re\workspace\8-2-build-windows-amd64-cygwin\jdk8u161\10277\hotspot\src\share\vm\interpreter\linkR

Events (10 events):
Event: 0.754 loading class org/springframework/context/event/EventListenerFactory done
Event: 0.755 loading class org/springframework/beans/factory/annotation/AnnotatedGenericBeanDefinition
Event: 0.755 loading class org/springframework/beans/factory/annotation/AnnotatedGenericBeanDefinition done
Event: 0.756 loading class org/springframework/beans/factory/support/GenericBeanDefinition
Event: 0.756 loading class org/springframework/beans/factory/support/GenericBeanDefinition done
Event: 0.757 loading class org/springframework/core/type/AnnotationMetadata
Event: 0.757 loading class org/springframework/core/type/AnnotationMetadata done
Event: 0.757 loading class org/springframework/core/type/ClassMetadata
Event: 0.757 loading class org/springframework/core/type/ClassMetadata done
Event: 0.757 loading class org/springframework/core/type/StandardAnnotationMetadata


Dynamic libraries:
0x00007ff7c1eb0000 - 0x00007ff7c1ee7000 	D:\Program Files\Java\jdk1.8\bin\java.exe
0x00007fffe2830000 - 0x00007fffe2a11000 	C:\WINDOWS\SYSTEM32\ntdll.dll
0x00007fffe1970000 - 0x00007fffe1a22000 	C:\WINDOWS\System32\KERNEL32.DLL
0x00007fffdeee0000 - 0x00007fffdf153000 	C:\WINDOWS\System32\KERNELBASE.dll
0x00007fffe1cb0000 - 0x00007fffe1d51000 	C:\WINDOWS\System32\ADVAPI32.dll
0x00007fffe1a30000 - 0x00007fffe1ace000 	C:\WINDOWS\System32\msvcrt.dll
0x00007fffe1ad0000 - 0x00007fffe1b2b000 	C:\WINDOWS\System32\sechost.dll
0x00007fffe00a0000 - 0x00007fffe01c4000 	C:\WINDOWS\System32\RPCRT4.dll
0x00007fffe1610000 - 0x00007fffe17a0000 	C:\WINDOWS\System32\USER32.dll
0x00007fffdf210000 - 0x00007fffdf230000 	C:\WINDOWS\System32\win32u.dll
0x00007fffe20b0000 - 0x00007fffe20d8000 	C:\WINDOWS\System32\GDI32.dll
0x00007fffdf230000 - 0x00007fffdf3c2000 	C:\WINDOWS\System32\gdi32full.dll
0x00007fffdedf0000 - 0x00007fffdee8f000 	C:\WINDOWS\System32\msvcp_win.dll
0x00007fffdf4b0000 - 0x00007fffdf5aa000 	C:\WINDOWS\System32\ucrtbase.dll
0x00007fffcc740000 - 0x00007fffcc9a9000 	C:\WINDOWS\WinSxS\amd64_microsoft.windows.common-controls_6595b64144ccf1df_6.0.17134.48_none_b4b2216a3cb4dd3e\COMCTL32.dll
0x00007fffdfcc0000 - 0x00007fffdffe3000 	C:\WINDOWS\System32\combase.dll
0x00007fffdf3d0000 - 0x00007fffdf44a000 	C:\WINDOWS\System32\bcryptPrimitives.dll
0x00007fffe1c80000 - 0x00007fffe1cad000 	C:\WINDOWS\System32\IMM32.DLL
0x0000000075990000 - 0x0000000075a62000 	D:\Program Files\Java\jdk1.8\jre\bin\msvcr100.dll
0x0000000074da0000 - 0x000000007563f000 	D:\Program Files\Java\jdk1.8\jre\bin\server\jvm.dll
0x00007fffe1ee0000 - 0x00007fffe1ee8000 	C:\WINDOWS\System32\PSAPI.DLL
0x00007fffdcce0000 - 0x00007fffdcd03000 	C:\WINDOWS\SYSTEM32\WINMM.dll
0x00007fffd9730000 - 0x00007fffd973a000 	C:\WINDOWS\SYSTEM32\VERSION.dll
0x00007fffd54c0000 - 0x00007fffd54c9000 	C:\WINDOWS\SYSTEM32\WSOCK32.dll
0x00007fffe18d0000 - 0x00007fffe193c000 	C:\WINDOWS\System32\WS2_32.dll
0x00007fffdcbc0000 - 0x00007fffdcbea000 	C:\WINDOWS\SYSTEM32\winmmbase.dll
0x00007fffdee90000 - 0x00007fffdeed9000 	C:\WINDOWS\System32\cfgmgr32.dll
0x0000000077840000 - 0x000000007784f000 	D:\Program Files\Java\jdk1.8\jre\bin\verify.dll
0x0000000075960000 - 0x0000000075989000 	D:\Program Files\Java\jdk1.8\jre\bin\java.dll
0x0000000075930000 - 0x0000000075953000 	D:\Program Files\Java\jdk1.8\jre\bin\instrument.dll
0x0000000075910000 - 0x0000000075926000 	D:\Program Files\Java\jdk1.8\jre\bin\zip.dll
0x00007fffe01d0000 - 0x00007fffe1610000 	C:\WINDOWS\System32\SHELL32.dll
0x00007fffe2280000 - 0x00007fffe2329000 	C:\WINDOWS\System32\shcore.dll
0x00007fffdf5b0000 - 0x00007fffdfcbd000 	C:\WINDOWS\System32\windows.storage.dll
0x00007fffe1870000 - 0x00007fffe18c1000 	C:\WINDOWS\System32\shlwapi.dll
0x00007fffdebe0000 - 0x00007fffdebf1000 	C:\WINDOWS\System32\kernel.appcore.dll
0x00007fffdeb70000 - 0x00007fffdeb8f000 	C:\WINDOWS\System32\profapi.dll
0x00007fffdeb90000 - 0x00007fffdebdc000 	C:\WINDOWS\System32\powrprof.dll
0x00007fffdeb60000 - 0x00007fffdeb6a000 	C:\WINDOWS\System32\FLTLIB.DLL
0x00007fffd54a0000 - 0x00007fffd54ba000 	D:\Softwares\IntelliJ IDEA 2017.3.5\bin\breakgen64.dll
0x00000000758f0000 - 0x000000007590a000 	D:\Program Files\Java\jdk1.8\jre\bin\net.dll
0x00007fffde360000 - 0x00007fffde3c6000 	C:\WINDOWS\system32\mswsock.dll
0x00007fffcef30000 - 0x00007fffcef46000 	C:\WINDOWS\system32\napinsp.dll
0x00007fffceed0000 - 0x00007fffceeea000 	C:\WINDOWS\system32\pnrpnsp.dll
0x00007fffda2f0000 - 0x00007fffda309000 	C:\WINDOWS\system32\NLAapi.dll
0x00007fffde120000 - 0x00007fffde1de000 	C:\WINDOWS\SYSTEM32\DNSAPI.dll
0x00007fffe1940000 - 0x00007fffe1948000 	C:\WINDOWS\System32\NSI.dll
0x00007fffde0e0000 - 0x00007fffde118000 	C:\WINDOWS\SYSTEM32\IPHLPAPI.DLL
0x00007fffceec0000 - 0x00007fffceece000 	C:\WINDOWS\System32\winrnr.dll
0x00007fffd88f0000 - 0x00007fffd88fa000 	C:\Windows\System32\rasadhlp.dll
0x00007fffd8a40000 - 0x00007fffd8ab2000 	C:\WINDOWS\System32\fwpuclnt.dll
0x00007fffde640000 - 0x00007fffde665000 	C:\WINDOWS\SYSTEM32\bcrypt.dll

VM Arguments:
jvm_args: -ea -Didea.test.cyclic.buffer.size=1048576 -javaagent:D:\Softwares\IntelliJ IDEA 2017.3.5\lib\idea_rt.jar=56483:D:\Softwares\IntelliJ IDEA 2017.3.5\bin -Dfile.encoding=UTF-8 
java_command: com.intellij.rt.execution.junit.JUnitStarter -ideVersion5 -junit4 dal.TestUser,testJoinResultMap
java_class_path (initial): D:\Softwares\IntelliJ IDEA 2017.3.5\lib\idea_rt.jar;D:\Softwares\IntelliJ IDEA 2017.3.5\plugins\junit\lib\junit-rt.jar;D:\Softwares\IntelliJ IDEA 2017.3.5\plugins\junit\lib\junit5-rt.jar;D:\Program Files\Java\jdk1.8\jre\lib\charsets.jar;D:\Program Files\Java\jdk1.8\jre\lib\deploy.jar;D:\Program Files\Java\jdk1.8\jre\lib\ext\access-bridge-64.jar;D:\Program Files\Java\jdk1.8\jre\lib\ext\cldrdata.jar;D:\Program Files\Java\jdk1.8\jre\lib\ext\dnsns.jar;D:\Program Files\Java\jdk1.8\jre\lib\ext\jaccess.jar;D:\Program Files\Java\jdk1.8\jre\lib\ext\jfxrt.jar;D:\Program Files\Java\jdk1.8\jre\lib\ext\localedata.jar;D:\Program Files\Java\jdk1.8\jre\lib\ext\nashorn.jar;D:\Program Files\Java\jdk1.8\jre\lib\ext\sunec.jar;D:\Program Files\Java\jdk1.8\jre\lib\ext\sunjce_provider.jar;D:\Program Files\Java\jdk1.8\jre\lib\ext\sunmscapi.jar;D:\Program Files\Java\jdk1.8\jre\lib\ext\sunpkcs11.jar;D:\Program Files\Java\jdk1.8\jre\lib\ext\zipfs.jar;D:\Program Files\Java\jdk1.8\jre\lib\javaws.jar;D:\Program Files\Java\jdk1.8\jre\lib\jce.jar;D:\Program Files\Java\jdk1.8\jre\lib\jfr.jar;D:\Program Files\Java\jdk1.8\jre\lib\jfxswt.jar;D:\Program Files\Java\jdk1.8\jre\lib\jsse.jar;D:\Program Files\Java\jdk1.8\jre\lib\management-agent.jar;D:\Program Files\Java\jdk1.8\jre\lib\plugin.jar;D:\Program Files\Java\jdk1.8\jre\lib\resources.jar;D:\Program Files\Java\jdk1.8\jre\lib\rt.jar;D:\IDEA_WorkSpace\easonspringmvc\easonweb\target\test-classes;D:\IDEA_WorkSpace\easonspringmvc\easonweb\target\classes;D:\IDEA_WorkSpace\easonspringmvc\easondal\target\classes;C:\Users\Eason\.m2\repository\org\springframework\spring-context\4.3.7.RELEASE\spring-context-4.3.7.RELEASE.jar;C:\Users\Eason\.m2\repository\org\springframework\spring-tx\4.3.7.RELEASE\spring-tx-4.3.7.RELEASE.jar;C:\Users\Eason\.m2\repository\org\springframework\spring-jdbc\4.3.7.RELEASE\spring-jdbc-4.3.7.RELEASE.jar;C:\Users\Eason\.m2\repository\com\alibaba\druid\1.0.9\druid-1.0.9.jar;D:\Program Files\Java\jdk1.8\lib\j
Launcher Type: SUN_STANDARD

Environment Variables:
JAVA_HOME=C:\Program Files\Java\jdk1.7
CLASSPATH=.;C:\Program Files\Java\jdk1.7\lib;C:\Program Files\Java\jdk1.7\lib\tools.jar
PATH=C:\ProgramData\Oracle\Java\javapath;C:\WINDOWS\system32;C:\WINDOWS;C:\WINDOWS\System32\Wbem;C:\WINDOWS\System32\WindowsPowerShell\v1.0\;C:\Program Files (x86)\NVIDIA Corporation\PhysX\Common;C:\Program Files\Java\jdk1.7\bin;C:\WINDOWS\system32;C:\WINDOWS;C:\WINDOWS\System32\Wbem;C:\WINDOWS\System32\WindowsPowerShell\v1.0\;C:\Program Files\MySQL\MySQL Utilities 1.6\;D:\Program Files\nodejs\;D:\Program Files\Git\cmd;D:\Softwares\erl9.3\bin;D:\Softwares\RabbitMQ\rabbitmq_server-3.5.6\sbin;;C:\WINDOWS\System32\OpenSSH\;C:\Users\Eason\AppData\Local\Microsoft\WindowsApps;C:\Users\Eason\AppData\Roaming\npm;C:\Users\Eason\AppData\Local\GitHubDesktop\bin;D:\Softwares\erl7.1\bin;;%USERPROFILE%\AppData\Local\Microsoft\WindowsApps;D:\Softwares\SSHC
USERNAME=Eason
OS=Windows_NT
PROCESSOR_IDENTIFIER=Intel64 Family 6 Model 60 Stepping 3, GenuineIntel



---------------  S Y S T E M  ---------------

OS: Windows 10.0 , 64 bit Build 17134 (10.0.17134.1)

CPU:total 8 (initial active 8) (4 cores per cpu, 2 threads per core) family 6 model 60 stepping 3, cmov, cx8, fxsr, mmx, sse, sse2, sse3, ssse3, sse4.1, sse4.2, popcnt, avx, avx2, aes, clmul, erms, lzcnt, ht, tsc, tscinvbit, bmi1, bmi2

Memory: 4k page, physical 8324980k(3128936k free), swap 22796280k(3612k free)

vm_info: Java HotSpot(TM) 64-Bit Server VM (25.161-b12) for windows-amd64 JRE (1.8.0_161-b12), built on Dec 19 2017 17:52:25 by "java_re" with MS VC++ 10.0 (VS2010)

time: Sun May 13 18:38:55 2018
elapsed time: 0 seconds (0d 0h 0m 0s)

