#
# There is insufficient memory for the Java Runtime Environment to continue.
# Native memory allocation (malloc) failed to allocate 1048576 bytes for AllocateHeap
# Possible reasons:
#   The system is out of physical RAM or swap space
#   In 32 bit mode, the process size limit was hit
# Possible solutions:
#   Reduce memory load on the system
#   Increase physical memory or swap space
#   Check if swap backing store is full
#   Use 64 bit Java on a 64 bit OS
#   Decrease Java heap size (-Xmx/-Xms)
#   Decrease number of Java threads
#   Decrease Java thread stack sizes (-Xss)
#   Set larger code cache with -XX:ReservedCodeCacheSize=
# This output file may be truncated or incomplete.
#
#  Out of Memory Error (memory/allocation.inline.hpp:61), pid=5748, tid=0x00000000000027b8
#
# JRE version:  (8.0_161-b12) (build )
# Java VM: Java HotSpot(TM) 64-Bit Server VM (25.161-b12 mixed mode windows-amd64 compressed oops)
# Failed to write core dump. Minidumps are not enabled by default on client versions of Windows
#

---------------  T H R E A D  ---------------

Current thread (0x0000000003314800):  JavaThread "Unknown thread" [_thread_in_vm, id=10168, stack(0x0000000003110000,0x0000000003210000)]

Stack: [0x0000000003110000,0x0000000003210000]
[error occurred during error reporting (printing stack bounds), id 0xc0000005]

Native frames: (J=compiled Java code, j=interpreted, Vv=VM code, C=native code)


---------------  P R O C E S S  ---------------

Java Threads: ( => current thread )

Other Threads:

=>0x0000000003314800 (exited) JavaThread "Unknown thread" [_thread_in_vm, id=10168, stack(0x0000000003110000,0x0000000003210000)]

VM state:not at safepoint (normal execution)

VM Mutex/Monitor currently owned by a thread: None

Heap:
 PSYoungGen      total 38400K, used 665K [0x00000000d5a00000, 0x00000000d8480000, 0x0000000100000000)
  eden space 33280K, 2% used [0x00000000d5a00000,0x00000000d5aa6670,0x00000000d7a80000)
  from space 5120K, 0% used [0x00000000d7f80000,0x00000000d7f80000,0x00000000d8480000)
  to   space 5120K, 0% used [0x00000000d7a80000,0x00000000d7a80000,0x00000000d7f80000)
 ParOldGen       total 87552K, used 0K [0x0000000080e00000, 0x0000000086380000, 0x00000000d5a00000)
  object space 87552K, 0% used [0x0000000080e00000,0x0000000080e00000,0x0000000086380000)
 Metaspace       used 770K, capacity 4480K, committed 4480K, reserved 1056768K
  class space    used 75K, capacity 384K, committed 384K, reserved 1048576K

Card table byte_map: [0x00000000127d0000,0x0000000012bd0000] byte_map_base: 0x00000000123c9000

Marking Bits: (ParMarkBitMap*) 0x00000000755bf860
 Begin Bits: [0x0000000013680000, 0x0000000015648000)
 End Bits:   [0x0000000015648000, 0x0000000017610000)

Polling page: 0x0000000000bf0000

CodeCache: size=245760Kb used=328Kb max_used=328Kb free=245431Kb
 bounds [0x0000000003410000, 0x0000000003680000, 0x0000000012410000]
 total_blobs=58 nmethods=0 adapters=38
 compilation: enabled

Compilation events (0 events):
No events

GC Heap History (0 events):
No events

Deoptimization events (0 events):
No events

Classes redefined (0 events):
No events

Internal exceptions (0 events):
No events

Events (10 events):
Event: 0.030 loading class java/lang/Short
Event: 0.030 loading class java/lang/Short done
Event: 0.030 loading class java/lang/Integer
Event: 0.030 loading class java/lang/Integer done
Event: 0.031 loading class java/lang/Long
Event: 0.031 loading class java/lang/Long done
Event: 0.031 loading class java/lang/NullPointerException
Event: 0.031 loading class java/lang/NullPointerException done
Event: 0.031 loading class java/lang/ArithmeticException
Event: 0.031 loading class java/lang/ArithmeticException done


Dynamic libraries:
0x00007ff7c1eb0000 - 0x00007ff7c1ee7000 	D:\Program Files\Java\jdk1.8\bin\java.exe
0x00007fffe2830000 - 0x00007fffe2a11000 	C:\WINDOWS\SYSTEM32\ntdll.dll
0x00007fffe1970000 - 0x00007fffe1a22000 	C:\WINDOWS\System32\KERNEL32.DLL
0x00007fffdeee0000 - 0x00007fffdf153000 	C:\WINDOWS\System32\KERNELBASE.dll
0x00007fffe1cb0000 - 0x00007fffe1d51000 	C:\WINDOWS\System32\ADVAPI32.dll
0x00007fffe1a30000 - 0x00007fffe1ace000 	C:\WINDOWS\System32\msvcrt.dll
0x00007fffe1ad0000 - 0x00007fffe1b2b000 	C:\WINDOWS\System32\sechost.dll
0x00007fffe00a0000 - 0x00007fffe01c4000 	C:\WINDOWS\System32\RPCRT4.dll
0x00007fffe1610000 - 0x00007fffe17a0000 	C:\WINDOWS\System32\USER32.dll
0x00007fffdf210000 - 0x00007fffdf230000 	C:\WINDOWS\System32\win32u.dll
0x00007fffe20b0000 - 0x00007fffe20d8000 	C:\WINDOWS\System32\GDI32.dll
0x00007fffdf230000 - 0x00007fffdf3c2000 	C:\WINDOWS\System32\gdi32full.dll
0x00007fffdedf0000 - 0x00007fffdee8f000 	C:\WINDOWS\System32\msvcp_win.dll
0x00007fffdf4b0000 - 0x00007fffdf5aa000 	C:\WINDOWS\System32\ucrtbase.dll
0x00007fffcc740000 - 0x00007fffcc9a9000 	C:\WINDOWS\WinSxS\amd64_microsoft.windows.common-controls_6595b64144ccf1df_6.0.17134.48_none_b4b2216a3cb4dd3e\COMCTL32.dll
0x00007fffdfcc0000 - 0x00007fffdffe3000 	C:\WINDOWS\System32\combase.dll
0x00007fffdf3d0000 - 0x00007fffdf44a000 	C:\WINDOWS\System32\bcryptPrimitives.dll
0x00007fffe1c80000 - 0x00007fffe1cad000 	C:\WINDOWS\System32\IMM32.DLL
0x0000000075990000 - 0x0000000075a62000 	D:\Program Files\Java\jdk1.8\jre\bin\msvcr100.dll
0x0000000074da0000 - 0x000000007563f000 	D:\Program Files\Java\jdk1.8\jre\bin\server\jvm.dll
0x00007fffe1ee0000 - 0x00007fffe1ee8000 	C:\WINDOWS\System32\PSAPI.DLL
0x00007fffd54c0000 - 0x00007fffd54c9000 	C:\WINDOWS\SYSTEM32\WSOCK32.dll
0x00007fffdcce0000 - 0x00007fffdcd03000 	C:\WINDOWS\SYSTEM32\WINMM.dll
0x00007fffd9730000 - 0x00007fffd973a000 	C:\WINDOWS\SYSTEM32\VERSION.dll
0x00007fffe18d0000 - 0x00007fffe193c000 	C:\WINDOWS\System32\WS2_32.dll
0x00007fffdcbc0000 - 0x00007fffdcbea000 	C:\WINDOWS\SYSTEM32\WINMMBASE.dll
0x00007fffdee90000 - 0x00007fffdeed9000 	C:\WINDOWS\System32\cfgmgr32.dll
0x0000000077840000 - 0x000000007784f000 	D:\Program Files\Java\jdk1.8\jre\bin\verify.dll
0x0000000075960000 - 0x0000000075989000 	D:\Program Files\Java\jdk1.8\jre\bin\java.dll
0x0000000075910000 - 0x0000000075933000 	D:\Program Files\Java\jdk1.8\jre\bin\instrument.dll
0x0000000075940000 - 0x0000000075956000 	D:\Program Files\Java\jdk1.8\jre\bin\zip.dll

VM Arguments:
jvm_args: -ea -Didea.test.cyclic.buffer.size=1048576 -javaagent:D:\Softwares\IntelliJ IDEA 2017.3.5\lib\idea_rt.jar=56501:D:\Softwares\IntelliJ IDEA 2017.3.5\bin -Dfile.encoding=UTF-8 
java_command: com.intellij.rt.execution.junit.JUnitStarter -ideVersion5 -junit4 dal.TestUser,testJoinResultMap
java_class_path (initial): D:\Softwares\IntelliJ IDEA 2017.3.5\lib\idea_rt.jar;D:\Softwares\IntelliJ IDEA 2017.3.5\plugins\junit\lib\junit-rt.jar;D:\Softwares\IntelliJ IDEA 2017.3.5\plugins\junit\lib\junit5-rt.jar;D:\Program Files\Java\jdk1.8\jre\lib\charsets.jar;D:\Program Files\Java\jdk1.8\jre\lib\deploy.jar;D:\Program Files\Java\jdk1.8\jre\lib\ext\access-bridge-64.jar;D:\Program Files\Java\jdk1.8\jre\lib\ext\cldrdata.jar;D:\Program Files\Java\jdk1.8\jre\lib\ext\dnsns.jar;D:\Program Files\Java\jdk1.8\jre\lib\ext\jaccess.jar;D:\Program Files\Java\jdk1.8\jre\lib\ext\jfxrt.jar;D:\Program Files\Java\jdk1.8\jre\lib\ext\localedata.jar;D:\Program Files\Java\jdk1.8\jre\lib\ext\nashorn.jar;D:\Program Files\Java\jdk1.8\jre\lib\ext\sunec.jar;D:\Program Files\Java\jdk1.8\jre\lib\ext\sunjce_provider.jar;D:\Program Files\Java\jdk1.8\jre\lib\ext\sunmscapi.jar;D:\Program Files\Java\jdk1.8\jre\lib\ext\sunpkcs11.jar;D:\Program Files\Java\jdk1.8\jre\lib\ext\zipfs.jar;D:\Program Files\Java\jdk1.8\jre\lib\javaws.jar;D:\Program Files\Java\jdk1.8\jre\lib\jce.jar;D:\Program Files\Java\jdk1.8\jre\lib\jfr.jar;D:\Program Files\Java\jdk1.8\jre\lib\jfxswt.jar;D:\Program Files\Java\jdk1.8\jre\lib\jsse.jar;D:\Program Files\Java\jdk1.8\jre\lib\management-agent.jar;D:\Program Files\Java\jdk1.8\jre\lib\plugin.jar;D:\Program Files\Java\jdk1.8\jre\lib\resources.jar;D:\Program Files\Java\jdk1.8\jre\lib\rt.jar;D:\IDEA_WorkSpace\easonspringmvc\easonweb\target\test-classes;D:\IDEA_WorkSpace\easonspringmvc\easonweb\target\classes;D:\IDEA_WorkSpace\easonspringmvc\easondal\target\classes;C:\Users\Eason\.m2\repository\org\springframework\spring-context\4.3.7.RELEASE\spring-context-4.3.7.RELEASE.jar;C:\Users\Eason\.m2\repository\org\springframework\spring-tx\4.3.7.RELEASE\spring-tx-4.3.7.RELEASE.jar;C:\Users\Eason\.m2\repository\org\springframework\spring-jdbc\4.3.7.RELEASE\spring-jdbc-4.3.7.RELEASE.jar;C:\Users\Eason\.m2\repository\com\alibaba\druid\1.0.9\druid-1.0.9.jar;D:\Program Files\Java\jdk1.8\lib\j
Launcher Type: SUN_STANDARD

Environment Variables:
JAVA_HOME=C:\Program Files\Java\jdk1.7
CLASSPATH=.;C:\Program Files\Java\jdk1.7\lib;C:\Program Files\Java\jdk1.7\lib\tools.jar
PATH=C:\ProgramData\Oracle\Java\javapath;C:\WINDOWS\system32;C:\WINDOWS;C:\WINDOWS\System32\Wbem;C:\WINDOWS\System32\WindowsPowerShell\v1.0\;C:\Program Files (x86)\NVIDIA Corporation\PhysX\Common;C:\Program Files\Java\jdk1.7\bin;C:\WINDOWS\system32;C:\WINDOWS;C:\WINDOWS\System32\Wbem;C:\WINDOWS\System32\WindowsPowerShell\v1.0\;C:\Program Files\MySQL\MySQL Utilities 1.6\;D:\Program Files\nodejs\;D:\Program Files\Git\cmd;D:\Softwares\erl9.3\bin;D:\Softwares\RabbitMQ\rabbitmq_server-3.5.6\sbin;;C:\WINDOWS\System32\OpenSSH\;C:\Users\Eason\AppData\Local\Microsoft\WindowsApps;C:\Users\Eason\AppData\Roaming\npm;C:\Users\Eason\AppData\Local\GitHubDesktop\bin;D:\Softwares\erl7.1\bin;;%USERPROFILE%\AppData\Local\Microsoft\WindowsApps;D:\Softwares\SSHC
USERNAME=Eason
OS=Windows_NT
PROCESSOR_IDENTIFIER=Intel64 Family 6 Model 60 Stepping 3, GenuineIntel



---------------  S Y S T E M  ---------------

OS: Windows 10.0 , 64 bit Build 17134 (10.0.17134.1)

CPU:total 8 (initial active 8) (4 cores per cpu, 2 threads per core) family 6 model 60 stepping 3, cmov, cx8, fxsr, mmx, sse, sse2, sse3, ssse3, sse4.1, sse4.2, popcnt, avx, avx2, aes, clmul, erms, lzcnt, ht, tsc, tscinvbit, bmi1, bmi2

Memory: 4k page, physical 8324980k(3225824k free), swap 22796280k(5312k free)

vm_info: Java HotSpot(TM) 64-Bit Server VM (25.161-b12) for windows-amd64 JRE (1.8.0_161-b12), built on Dec 19 2017 17:52:25 by "java_re" with MS VC++ 10.0 (VS2010)

time: Sun May 13 18:39:53 2018
elapsed time: 0 seconds (0d 0h 0m 0s)

